-------------------------------------------------------------------------------
Test set: smulkus.IntegraciniaiTest
-------------------------------------------------------------------------------
Tests run: 4, Failures: 1, Errors: 0, Skipped: 0, Time elapsed: 0.064 s <<< FAILURE! - in smulkus.IntegraciniaiTest
diskriminantoSkaiciavimoSprendiniams(smulkus.IntegraciniaiTest)  Time elapsed: 0.008 s  <<< FAILURE!
org.junit.internal.ArrayComparisonFailure: lygties sprendimas, pagal suskaiciuota diskriminanta, kai D>0: arrays first differed at element [0]; expected:<-1.0> but was:<NaN>
	at smulkus.IntegraciniaiTest.diskriminantoSkaiciavimoSprendiniams(IntegraciniaiTest.java:103)

