<?xml version="1.0" encoding="UTF-8"?>
<testsuite xmlns:xsi="http://www.w3.org/2001/XMLSchema-instance" xsi:noNamespaceSchemaLocation="https://maven.apache.org/surefire/maven-surefire-plugin/xsd/surefire-test-report.xsd" name="smulkus.IntegraciniaiTest" time="0.064" tests="4" errors="0" skipped="0" failures="1">
  <properties>
[...]
</properties>
  <testcase name="shouldAnswerWithTrue" classname="smulkus.IntegraciniaiTest" time="0.002"/>
  <testcase name="lygtiesSprendiniuSkaiciausRadimoSprendiniams" classname="smulkus.IntegraciniaiTest" time="0.002"/>
  <testcase name="diskriminantoSkaiciavimasLygtiesSprendiniuSkaiciui" classname="smulkus.IntegraciniaiTest" time="0.001"/>
  <testcase name="diskriminantoSkaiciavimoSprendiniams" classname="smulkus.IntegraciniaiTest" time="0.008">
    <failure message="lygties sprendimas, pagal suskaiciuota diskriminanta, kai D&gt;0: arrays first differed at element [0]; expected:&lt;-1.0&gt; but was:&lt;NaN&gt;" type="org.junit.internal.ArrayComparisonFailure"><![CDATA[org.junit.internal.ArrayComparisonFailure: lygties sprendimas, pagal suskaiciuota diskriminanta, kai D>0: arrays first differed at element [0]; expected:<-1.0> but was:<NaN>
	at smulkus.IntegraciniaiTest.diskriminantoSkaiciavimoSprendiniams(IntegraciniaiTest.java:103)
]]></failure>
  </testcase>
</testsuite>